<?xml version="1.0" encoding="UTF-8"?>
<!-- Generated by org.testng.reporters.JUnitXMLReporter -->
<testsuite ignored="0" hostname="SarthakSyduAIO" failures="0" tests="12" name="Test" time="50.301" errors="0" timestamp="2024-08-14T21:55:20 EDT">
  <testcase classname="com.learning_Automation_Day13_14th_Aug_TestBase.LoginTest" name="@BeforeMethod setup" time="0.0">
    <failure type="java.lang.NullPointerException" message="Cannot invoke &amp;quot;org.openqa.selenium.WebDriver.get(String)&amp;quot; because &amp;quot;this.driver&amp;quot; is null">
      <![CDATA[java.lang.NullPointerException: Cannot invoke "org.openqa.selenium.WebDriver.get(String)" because "this.driver" is null
at com.learning_Automation_Day13_14th_Aug_TestBase.TestBase.initializeBrowserAndOpenApplication(TestBase.java:39)
at com.learning_Automation_Day13_14th_Aug_TestBase.LoginTest.setup(LoginTest.java:20)
at java.base/java.util.ArrayList.forEach(ArrayList.java:1511)
... Removed 31 stack frames]]>
    </failure>
  </testcase> <!-- @BeforeMethod setup -->
  <testcase classname="com.learning_Automation_Day13_14th_Aug_TestBase.LoginTest" name="@AfterMethod tearDown" time="-1.72368690533E9">
    <skipped/>
  </testcase> <!-- @AfterMethod tearDown -->
  <testcase classname="com.learning_Automation_Day13_14th_Aug_TestBase.LoginTest" name="@BeforeMethod setup" time="-1.723686905331E9">
    <skipped/>
  </testcase> <!-- @BeforeMethod setup -->
  <testcase classname="com.learning_Automation_Day13_14th_Aug_TestBase.LoginTest" name="@AfterMethod tearDown" time="-1.723686905332E9">
    <skipped/>
  </testcase> <!-- @AfterMethod tearDown -->
  <testcase classname="com.learning_Automation_Day13_14th_Aug_TestBase.LoginTest" name="@BeforeMethod setup" time="-1.723686905333E9">
    <skipped/>
  </testcase> <!-- @BeforeMethod setup -->
  <testcase classname="com.learning_Automation_Day13_14th_Aug_TestBase.LoginTest" name="@AfterMethod tearDown" time="-1.723686905334E9">
    <skipped/>
  </testcase> <!-- @AfterMethod tearDown -->
  <testcase classname="com.learning_Automation_Day13_14th_Aug_TestBase.LoginTest" name="@BeforeMethod setup" time="-1.723686905335E9">
    <skipped/>
  </testcase> <!-- @BeforeMethod setup -->
  <testcase classname="com.learning_Automation_Day13_14th_Aug_TestBase.LoginTest" name="@AfterMethod tearDown" time="-1.723686905336E9">
    <skipped/>
  </testcase> <!-- @AfterMethod tearDown -->
  <testcase classname="com.learning_Automation_Day13_14th_Aug_TestBase.LoginTest" name="@BeforeMethod setup" time="-1.723686905337E9">
    <skipped/>
  </testcase> <!-- @BeforeMethod setup -->
  <testcase classname="com.learning_Automation_Day13_14th_Aug_TestBase.LoginTest" name="@AfterMethod tearDown" time="-1.723686905338E9">
    <skipped/>
  </testcase> <!-- @AfterMethod tearDown -->
  <testcase classname="com.learning_Automation_Day13_14th_Aug_TestBase.RegsiterTest" name="verifyRegisterWithMandatoryDetails" time="1.305"/>
  <testcase classname="com.learning_Automation_Day13_14th_Aug_TestBase.RegsiterTest" name="verifyRegisterWithAllDetails" time="1.445"/>
  <testcase classname="com.learning_Automation_Day13_14th_Aug_TestBase.RegsiterTest" name="verifyRegisterWithIncorrectConfirmPassword" time="1.016"/>
  <testcase classname="com.learning_Automation_Day13_14th_Aug_TestBase.RegsiterTest" name="verifyRegisterWithNoDetails" time="0.532"/>
  <testcase classname="com.learning_Automation_Day13_14th_Aug_TestBase.LoginTest" name="verifyLoginWithValidCredentials" time="0.0">
    <skipped/>
  </testcase> <!-- verifyLoginWithValidCredentials -->
  <testcase classname="com.learning_Automation_Day13_14th_Aug_TestBase.LoginTest" name="loginWithNoCredentials" time="0.0">
    <skipped/>
  </testcase> <!-- loginWithNoCredentials -->
  <testcase classname="com.learning_Automation_Day13_14th_Aug_TestBase.LoginTest" name="loginWithInvalidCredentials" time="0.0">
    <skipped/>
  </testcase> <!-- loginWithInvalidCredentials -->
  <testcase classname="com.learning_Automation_Day13_14th_Aug_TestBase.LoginTest" name="oginWithValidEmailInvalidPassword" time="0.0">
    <skipped/>
  </testcase> <!-- oginWithValidEmailInvalidPassword -->
  <testcase classname="com.learning_Automation_Day13_14th_Aug_TestBase.LoginTest" name="oginWithInvalidEmailValidPassword" time="0.0">
    <skipped/>
  </testcase> <!-- oginWithInvalidEmailValidPassword -->
  <testcase classname="com.learning_Automation_Day13_14th_Aug_TestBase.SearchProductTest" name="verifySearchWithInvalidProduct" time="0.487"/>
  <testcase classname="com.learning_Automation_Day13_14th_Aug_TestBase.SearchProductTest" name="verifySearchWithNoProduct" time="0.407"/>
  <testcase classname="com.learning_Automation_Day13_14th_Aug_TestBase.SearchProductTest" name="verifySearchWithValidProduct" time="0.744"/>
</testsuite> <!-- Test -->
