<?xml version="1.0" encoding="UTF-8"?>
<!-- Generated by org.testng.reporters.JUnitReportReporter -->
<testsuite hostname="SarthakDell" failures="1" tests="5" name="com.learning_Automation_Day11_7th_Aug_TestNG.Topic1_Assertions_More_in_Depth" time="33.148" errors="0" timestamp="2024-08-07T20:15:41 EDT" skipped="0">
  <testcase classname="com.learning_Automation_Day11_7th_Aug_TestNG.Topic1_Assertions_More_in_Depth" name="loginWithValidCredentials" time="7.113"/>
  <testcase classname="com.learning_Automation_Day11_7th_Aug_TestNG.Topic1_Assertions_More_in_Depth" name="loginWithNoCredentials" time="6.862"/>
  <testcase classname="com.learning_Automation_Day11_7th_Aug_TestNG.Topic1_Assertions_More_in_Depth" name="loginWithInvalidCredentials" time="6.097"/>
  <testcase classname="com.learning_Automation_Day11_7th_Aug_TestNG.Topic1_Assertions_More_in_Depth" name="oginWithValidEmailInvalidPassword" time="6.625"/>
  <testcase classname="com.learning_Automation_Day11_7th_Aug_TestNG.Topic1_Assertions_More_in_Depth" name="oginWithInvalidEmailValidPassword" time="6.451">
    <failure message="expected [Warning: No match for E-Mail Address and/or Password.] but found [Warning: Your account has exceeded allowed number of login attempts. Please try again in 1 hour.]" type="java.lang.AssertionError">
      <![CDATA[java.lang.AssertionError: expected [Warning: No match for E-Mail Address and/or Password.] but found [Warning: Your account has exceeded allowed number of login attempts. Please try again in 1 hour.]
at org.testng.Assert.fail(Assert.java:111)
at org.testng.Assert.failNotEquals(Assert.java:1578)
at org.testng.Assert.assertEqualsImpl(Assert.java:150)
at org.testng.Assert.assertEquals(Assert.java:132)
at org.testng.Assert.assertEquals(Assert.java:656)
at org.testng.Assert.assertEquals(Assert.java:666)
at com.learning_Automation_Day11_7th_Aug_TestNG.Topic1_Assertions_More_in_Depth.oginWithInvalidEmailValidPassword(Topic1_Assertions_More_in_Depth.java:80)
at java.base/jdk.internal.reflect.NativeMethodAccessorImpl.invoke0(Native Method)
at java.base/jdk.internal.reflect.NativeMethodAccessorImpl.invoke(NativeMethodAccessorImpl.java:77)
at java.base/jdk.internal.reflect.DelegatingMethodAccessorImpl.invoke(DelegatingMethodAccessorImpl.java:43)
at java.base/java.lang.reflect.Method.invoke(Method.java:568)
at org.testng.internal.invokers.MethodInvocationHelper.invokeMethod(MethodInvocationHelper.java:139)
at org.testng.internal.invokers.TestInvoker.invokeMethod(TestInvoker.java:664)
at org.testng.internal.invokers.TestInvoker.invokeTestMethod(TestInvoker.java:227)
at org.testng.internal.invokers.MethodRunner.runInSequence(MethodRunner.java:50)
at org.testng.internal.invokers.TestInvoker$MethodInvocationAgent.invoke(TestInvoker.java:957)
at org.testng.internal.invokers.TestInvoker.invokeTestMethods(TestInvoker.java:200)
at org.testng.internal.invokers.TestMethodWorker.invokeTestMethods(TestMethodWorker.java:148)
at org.testng.internal.invokers.TestMethodWorker.run(TestMethodWorker.java:128)
at java.base/java.util.ArrayList.forEach(ArrayList.java:1511)
at org.testng.TestRunner.privateRun(TestRunner.java:848)
at org.testng.TestRunner.run(TestRunner.java:621)
at org.testng.SuiteRunner.runTest(SuiteRunner.java:443)
at org.testng.SuiteRunner.runSequentially(SuiteRunner.java:437)
at org.testng.SuiteRunner.privateRun(SuiteRunner.java:397)
at org.testng.SuiteRunner.run(SuiteRunner.java:336)
at org.testng.SuiteRunnerWorker.runSuite(SuiteRunnerWorker.java:52)
at org.testng.SuiteRunnerWorker.run(SuiteRunnerWorker.java:95)
at org.testng.TestNG.runSuitesSequentially(TestNG.java:1280)
at org.testng.TestNG.runSuitesLocally(TestNG.java:1200)
at org.testng.TestNG.runSuites(TestNG.java:1114)
at org.testng.TestNG.run(TestNG.java:1082)
at org.testng.remote.AbstractRemoteTestNG.run(AbstractRemoteTestNG.java:115)
at org.testng.remote.RemoteTestNG.initAndRun(RemoteTestNG.java:251)
at org.testng.remote.RemoteTestNG.main(RemoteTestNG.java:77)
]]>
    </failure>
  </testcase> <!-- oginWithInvalidEmailValidPassword -->
</testsuite> <!-- com.learning_Automation_Day11_7th_Aug_TestNG.Topic1_Assertions_More_in_Depth -->
